2024-02-28 12:26:26 info: Received POST request for /api/sign-up
2024-02-28 12:26:50 info: Received POST request for /api/sign-up
2024-02-28 12:29:47 info: Received POST request for /api/sign-up
2024-02-28 12:32:18 info: Received POST request for /api/sign-up
2024-02-28 12:32:56 info: Received POST request for /api/sign-in
2024-02-28 12:34:32 info: Received POST request for /api/sign-in
2024-02-28 12:35:01 info: Received GET request for /api/get-info
2024-02-28 12:36:06 info: Received GET request for /api/get-info
2024-02-28 12:36:41 info: Received POST request for /api/sign-up
2024-02-28 12:37:03 info: Received POST request for /api/sign-in
2024-02-28 12:37:06 info: Received GET request for /api/get-info
2024-02-28 12:38:45 info: Received POST request for /api/email
2024-02-28 12:39:30 info: Received POST request for /api/sign-up
2024-02-28 12:39:45 info: Received POST request for /api/sign-in
2024-02-28 12:39:57 info: Received POST request for /api/email
2024-02-28 12:40:19 info: Received POST request for /api/sign-in
2024-02-28 12:40:31 info: Received POST request for /api/email
2024-02-28 12:53:03 info: Received POST request for /api/sign-in
2024-02-28 12:53:08 info: Received POST request for /api/email
2024-02-28 12:57:04 info: Received POST request for /api/email
2024-02-28 13:27:47 info: Received POST request for /api/email
2024-02-28 13:28:21 info: Received GET request for /api/verify?email=karoti2307@molyg.com&token=eyJhbGciOiJIUzI1NiIsInR5cCI6IkpXVCJ9.eyJlbWFpbCI6Imthcm90aTIzMDdAbW9seWcuY29tIiwiaWF0IjoxNzA5MDk0NDY3LCJleHAiOjE3MDkwOTQ3Njd9.X_Bz_5zqhyrjMN5p1Fv0AogGYWZD5bpGrSatpvDGxik
2024-02-28 13:28:22 info: Received GET request for /favicon.ico
2024-02-28 14:19:34 info: Received POST request for /api/sign-in
2024-02-28 14:19:44 info: Received POST request for /api/sign-in
2024-02-28 14:19:53 info: Received GET request for /api/restaurants
2024-02-28 14:22:43 info: Received GET request for /api/restaurants/1
2024-02-28 14:22:54 info: Received PUT request for /api/restaurants/
2024-02-28 14:22:57 info: Received POST request for /api/restaurants
2024-02-28 14:22:59 info: Received GET request for /api/restaurants
2024-02-28 14:23:31 info: Received GET request for /api/restaurants
2024-02-28 14:25:31 info: Received GET request for /api/restaurants
2024-02-28 14:26:18 info: Received GET request for /api/orders
2024-02-28 14:26:28 info: Received GET request for /api/reviews
2024-02-28 14:27:03 info: Received GET request for /api/restaurants
2024-02-28 14:27:12 info: Received POST request for /api/restaurants
2024-02-28 14:57:47 info: Received POST request for /api/restaurants
2024-02-28 14:58:00 info: Received GET request for /api/restaurants
2024-02-28 14:58:19 info: Received POST request for /api/sign-in
2024-02-28 14:58:30 info: Received POST request for /api/sign-in
2024-02-28 14:58:36 info: Received GET request for /api/get-info
