2024-02-26 10:41:51 info: Received POST request for /users/sign-up
2024-02-26 10:47:26 info: Received POST request for /users/sign-up
2024-02-26 10:48:53 info: Received POST request for /users/sign-up
2024-02-26 11:14:10 info: Received POST request for /users/sign-up
2024-02-26 11:14:21 info: Received POST request for /users/sign-up
2024-02-26 11:14:26 info: Received POST request for /users/sign-up
2024-02-26 11:14:26 info: Received POST request for /users/sign-up
2024-02-26 11:17:46 info: Received POST request for /users/sign-up
2024-02-26 11:20:05 info: Received POST request for /users/sign-up
2024-02-26 11:21:09 info: Received POST request for /users/sign-up
2024-02-26 11:29:03 info: Received POST request for /users/sign-up
2024-02-26 11:29:37 info: Received POST request for /users/sign-up
2024-02-26 11:31:40 info: Received POST request for /users/sign-up
2024-02-26 11:32:06 info: Received POST request for /users/sign-up
2024-02-26 11:32:50 info: Received POST request for /users/sign-up
2024-02-26 11:33:24 info: Received POST request for /users/sign-up
2024-02-26 11:33:44 info: Received POST request for /users/sign-up
2024-02-26 11:37:24 info: Received POST request for /users/sign-up
2024-02-26 11:38:12 info: Received POST request for /users/sign-up
2024-02-26 11:43:11 info: Received POST request for /users/sign-up
2024-02-26 11:44:09 info: Received POST request for /users/sign-up
2024-02-26 11:44:44 info: Received POST request for /users/sign-up
2024-02-26 11:45:20 info: Received POST request for /users/sign-up
2024-02-26 11:45:37 info: Received POST request for /users/sign-up
2024-02-26 11:46:34 info: Received POST request for /users/sign-up
2024-02-26 11:46:45 info: Received POST request for /users/sign-up
2024-02-26 11:47:21 info: Received POST request for /users/sign-up
2024-02-26 11:47:41 info: Received POST request for /users/sign-up
2024-02-26 11:47:52 info: Received POST request for /users/sign-up
2024-02-26 11:48:50 info: Received POST request for /users/sign-up
2024-02-26 11:50:47 info: Received POST request for /users/sign-up
2024-02-26 11:51:33 info: Received POST request for /users/sign-up
2024-02-26 11:52:07 info: Received POST request for /users/sign-up
2024-02-26 11:55:53 info: Received POST request for /users/sign-up
2024-02-26 11:56:19 info: Received POST request for /users/sign-up
2024-02-26 11:57:40 info: Received POST request for /users/sign-up
2024-02-26 12:06:42 info: Received POST request for /users/sign-up
2024-02-26 12:06:53 info: Received POST request for /users/sign-up
2024-02-26 12:07:12 info: Received POST request for /users/sign-up
2024-02-26 12:09:52 info: Received POST request for /users/sign-up
2024-02-26 12:10:14 info: Received POST request for /users/sign-up
2024-02-26 12:43:06 info: Received POST request for /users/sign-up
2024-02-26 12:43:28 info: Received POST request for /users/sign-up
2024-02-26 12:43:53 info: Received POST request for /users/sign-up
2024-02-26 12:44:22 info: Received POST request for /users/sign-up
2024-02-26 12:45:10 info: Received POST request for /users/sign-up
2024-02-26 12:46:01 info: Received POST request for /users/sign-up
2024-02-26 12:46:22 info: Received POST request for /users/sign-up
2024-02-26 12:46:42 info: Received POST request for /users/sign-up
2024-02-26 12:47:12 info: Received POST request for /users/sign-up
2024-02-26 12:47:31 info: Received POST request for /users/sign-up
2024-02-26 12:47:49 info: Received POST request for /users/sign-up
2024-02-26 12:48:00 info: Received POST request for /users/sign-up
2024-02-26 12:48:55 info: Received POST request for /users/sign-up
2024-02-26 13:37:07 info: Received POST request for /users/sign-up
2024-02-26 13:38:43 info: Received POST request for /users/sign-up
2024-02-26 13:40:03 info: Received POST request for /users/sign-up
2024-02-26 14:34:10 info: Received POST request for /users/sign-up
2024-02-26 14:37:30 info: Received POST request for /users/sign-up
2024-02-26 15:20:27 info: Received POST request for /users/sign-up
2024-02-26 15:20:36 info: Received POST request for /users/sign-up
2024-02-26 15:22:53 info: Received POST request for /users/sign-up
2024-02-26 15:25:14 info: Received POST request for /users/sign-up
2024-02-26 15:28:24 info: Received POST request for /users/sign-up
2024-02-26 15:32:21 info: Received POST request for /users/sign-up
2024-02-26 15:33:53 info: Received POST request for /users/sign-up
2024-02-26 15:37:56 info: Received POST request for /users/sign-up
2024-02-26 15:53:39 info: Received POST request for /users/sign-up
2024-02-26 18:07:42 info: Received POST request for /users/sign-up
2024-02-26 18:12:25 info: Received POST request for /users/sign-up
2024-02-26 18:12:55 info: Received POST request for /users/sign-in
2024-02-26 18:14:05 info: Received POST request for /users/sign-in
2024-02-26 18:14:21 info: Received POST request for /users/sign-in
2024-02-26 18:49:00 info: Received POST request for /users/sign-in
2024-02-26 18:50:21 info: Received POST request for /users/sign-in
2024-02-26 18:51:28 info: Received POST request for /users/sign-in
2024-02-26 18:52:26 info: Received POST request for /users/sign-in
2024-02-26 18:56:05 info: Received POST request for /users/sign-in
2024-02-26 18:56:43 info: Received POST request for /users/sign-in
2024-02-26 19:09:12 info: Received POST request for /users/sign-in
2024-02-26 19:11:21 info: Received POST request for /users/sign-in
2024-02-26 19:11:23 info: Received POST request for /users/sign-up
2024-02-26 19:34:43 info: Received POST request for /api/sign-up
2024-02-26 19:34:48 info: Received POST request for /api/sign-in
2024-02-26 20:48:17 info: Received POST request for /api/sign-in
2024-02-26 20:48:19 info: Received POST request for /api/sign-up
2024-02-26 20:51:32 info: Received POST request for /api/sign-up
2024-02-26 21:10:33 info: Received POST request for /api/email
2024-02-26 21:13:13 info: Received POST request for /api/verify
2024-02-26 21:13:16 info: Received POST request for /api/email
2024-02-26 21:14:41 info: Received POST request for /api/email
2024-02-26 21:15:47 info: Received POST request for /api/email
2024-02-26 21:16:28 info: Received POST request for /api/email
2024-02-26 21:17:40 info: Received POST request for /api/email
2024-02-26 21:18:36 info: Received POST request for /api/email
2024-02-26 21:18:53 info: Received GET request for /api/auth?email=kimgrang1202@gmail.com&token=eyJhbGciOiJIUzI1NiIsInR5cCI6IkpXVCJ9.eyJlbWFpbCI6ImtpbWdyYW5nMTIwMkBnbWFpbC5jb20iLCJpYXQiOjE3MDg5NDk5MTYsImV4cCI6MTcwODk1MDIxNn0.i976cK9xdy3Yiu6zOJkd3j2Z4kODnoWfHY-6TsYaUTc
2024-02-26 21:19:34 info: Received POST request for /api/email
2024-02-26 21:20:16 info: Received GET request for /api/verify
2024-02-26 21:20:45 info: Received GET request for /api/auth?email=kimgrang1202@gmail.com&token=eyJhbGciOiJIUzI1NiIsInR5cCI6IkpXVCJ9.eyJlbWFpbCI6ImtpbWdyYW5nMTIwMkBnbWFpbC5jb20iLCJpYXQiOjE3MDg5NDk5MTYsImV4cCI6MTcwODk1MDIxNn0.i976cK9xdy3Yiu6zOJkd3j2Z4kODnoWfHY-6TsYaUTc
2024-02-26 21:25:08 info: Received POST request for /api/email
2024-02-26 21:25:18 info: Received GET request for /api/auth?email=kimgrang1202@gmail.com&token=eyJhbGciOiJIUzI1NiIsInR5cCI6IkpXVCJ9.eyJlbWFpbCI6ImtpbWdyYW5nMTIwMkBnbWFpbC5jb20iLCJpYXQiOjE3MDg5NTAzMDgsImV4cCI6MTcwODk1MDYwOH0.7pa4-RmRHvXvQqkbhEVhdUKAFzcUlQ_v3st9ilHEtDw
2024-02-26 21:26:11 info: Received POST request for /api/email
2024-02-26 21:26:16 info: Received GET request for /api/auth?email=kimgrang1202@gmail.com&token=eyJhbGciOiJIUzI1NiIsInR5cCI6IkpXVCJ9.eyJlbWFpbCI6ImtpbWdyYW5nMTIwMkBnbWFpbC5jb20iLCJpYXQiOjE3MDg5NTAzMDgsImV4cCI6MTcwODk1MDYwOH0.7pa4-RmRHvXvQqkbhEVhdUKAFzcUlQ_v3st9ilHEtDw
2024-02-26 21:26:18 info: Received GET request for /api/auth?email=kimgrang1202@gmail.com&token=eyJhbGciOiJIUzI1NiIsInR5cCI6IkpXVCJ9.eyJlbWFpbCI6ImtpbWdyYW5nMTIwMkBnbWFpbC5jb20iLCJpYXQiOjE3MDg5NTAzMDgsImV4cCI6MTcwODk1MDYwOH0.7pa4-RmRHvXvQqkbhEVhdUKAFzcUlQ_v3st9ilHEtDw
2024-02-26 21:26:22 info: Received GET request for /api/auth?email=kimgrang1202@gmail.com&token=eyJhbGciOiJIUzI1NiIsInR5cCI6IkpXVCJ9.eyJlbWFpbCI6ImtpbWdyYW5nMTIwMkBnbWFpbC5jb20iLCJpYXQiOjE3MDg5NTAzNzEsImV4cCI6MTcwODk1MDY3MX0.YGSIsvH-H5wdgN0pG4Zq-u_rodH3pTaA6yABZv5rjnU
2024-02-26 21:29:14 info: Received GET request for /api/auth?email=kimgrang1202@gmail.com&token=eyJhbGciOiJIUzI1NiIsInR5cCI6IkpXVCJ9.eyJlbWFpbCI6ImtpbWdyYW5nMTIwMkBnbWFpbC5jb20iLCJpYXQiOjE3MDg5NTAzNzEsImV4cCI6MTcwODk1MDY3MX0.YGSIsvH-H5wdgN0pG4Zq-u_rodH3pTaA6yABZv5rjnU
2024-02-26 21:29:22 info: Received GET request for /api/verify
2024-02-26 21:30:08 info: Received GET request for /api/auth?email=kimgrang1202@gmail.com&token=eyJhbGciOiJIUzI1NiIsInR5cCI6IkpXVCJ9.eyJlbWFpbCI6ImtpbWdyYW5nMTIwMkBnbWFpbC5jb20iLCJpYXQiOjE3MDg5NTAzNzEsImV4cCI6MTcwODk1MDY3MX0.YGSIsvH-H5wdgN0pG4Zq-u_rodH3pTaA6yABZv5rjnU
2024-02-26 21:30:11 info: Received POST request for /api/email
2024-02-26 21:30:20 info: Received GET request for /api/verify?email=kimgrang1202@gmail.com&token=eyJhbGciOiJIUzI1NiIsInR5cCI6IkpXVCJ9.eyJlbWFpbCI6ImtpbWdyYW5nMTIwMkBnbWFpbC5jb20iLCJpYXQiOjE3MDg5NTA2MTEsImV4cCI6MTcwODk1MDkxMX0.zSNG5sAhoxt-NGvnkbvChcHcqMNCh0OqJO8WhlwNHm0
2024-02-26 21:30:20 info: Received GET request for /favicon.ico
2024-02-26 21:31:01 info: Received POST request for /api/email
2024-02-26 21:31:11 info: Received GET request for /api/verify?email=kimgrang1202@gmail.com&token=eyJhbGciOiJIUzI1NiIsInR5cCI6IkpXVCJ9.eyJlbWFpbCI6ImtpbWdyYW5nMTIwMkBnbWFpbC5jb20iLCJpYXQiOjE3MDg5NTA2NjEsImV4cCI6MTcwODk1MDk2MX0.sL7cKD2MN-pHOoQ3XN7ZlU7cC2EZcZvLDVSLcSk5ORU
2024-02-26 21:31:55 info: Received GET request for /api/verify?email=kimgrang1202@gmail.com&token=eyJhbGciOiJIUzI1NiIsInR5cCI6IkpXVCJ9.eyJlbWFpbCI6ImtpbWdyYW5nMTIwMkBnbWFpbC5jb20iLCJpYXQiOjE3MDg5NTA2NjEsImV4cCI6MTcwODk1MDk2MX0.sL7cKD2MN-pHOoQ3XN7ZlU7cC2EZcZvLDVSLcSk5ORU
2024-02-26 21:32:12 info: Received POST request for /api/email
2024-02-26 21:32:20 info: Received GET request for /api/verify?email=kimgrang1202@gmail.com&token=eyJhbGciOiJIUzI1NiIsInR5cCI6IkpXVCJ9.eyJlbWFpbCI6ImtpbWdyYW5nMTIwMkBnbWFpbC5jb20iLCJpYXQiOjE3MDg5NTA3MzIsImV4cCI6MTcwODk1MTAzMn0.f0Rlpsal6vLfnJ7hYiCdLRI7LkV2YYPrQHK5PvM0-8Q
2024-02-26 21:34:32 info: Received POST request for /api/email
2024-02-26 21:34:40 info: Received GET request for /api/verify?email=kimgrang1202@gmail.com&token=eyJhbGciOiJIUzI1NiIsInR5cCI6IkpXVCJ9.eyJlbWFpbCI6ImtpbWdyYW5nMTIwMkBnbWFpbC5jb20iLCJpYXQiOjE3MDg5NTA4NzIsImV4cCI6MTcwODk1MTE3Mn0.kWraBbg5-KN8sl51y7T4YmCDEUSSfuTo2qFKcqHUlGQ
2024-02-26 21:36:27 info: Received GET request for /api/verify?email=kimgrang1202@gmail.com&token=eyJhbGciOiJIUzI1NiIsInR5cCI6IkpXVCJ9.eyJlbWFpbCI6ImtpbWdyYW5nMTIwMkBnbWFpbC5jb20iLCJpYXQiOjE3MDg5NTA4NzIsImV4cCI6MTcwODk1MTE3Mn0.kWraBbg5-KN8sl51y7T4YmCDEUSSfuTo2qFKcqHUlGQ
2024-02-26 21:37:34 info: Received POST request for /api/email
2024-02-26 21:37:42 info: Received GET request for /api/verify?email=kimgrang1202@gmail.com&token=eyJhbGciOiJIUzI1NiIsInR5cCI6IkpXVCJ9.eyJlbWFpbCI6ImtpbWdyYW5nMTIwMkBnbWFpbC5jb20iLCJpYXQiOjE3MDg5NTEwNTQsImV4cCI6MTcwODk1MTM1NH0.m01CmJkDeJrDtWUnikICqUHkzYLs0gmP3_KrUAmVawc
2024-02-26 21:52:09 info: Received POST request for /api/email
